This file contains any messages produced by compilers while
running configure, to aid debugging if configure makes a mistake.

It was created by gemoda configure 1.0, which was
generated by GNU Autoconf 2.59.  Invocation command line was

  $ ./configure CPPFLAGS=-I/opt/local/include LDFLAGS=-L/opt/local/lib

## --------- ##
## Platform. ##
## --------- ##

hostname = kyle-jensens-computer.local
uname -m = i386
uname -r = 9.8.0
uname -s = Darwin
uname -v = Darwin Kernel Version 9.8.0: Wed Jul 15 16:55:01 PDT 2009; root:xnu-1228.15.4~1/RELEASE_I386

/usr/bin/uname -p = i386
/bin/uname -X     = unknown

/bin/arch              = unknown
/usr/bin/arch -k       = unknown
/usr/convex/getsysinfo = unknown
hostinfo               = Mach kernel version:
	 Darwin Kernel Version 9.8.0: Wed Jul 15 16:55:01 PDT 2009; root:xnu-1228.15.4~1/RELEASE_I386
Kernel configured for up to 2 processors.
2 processors are physically available.
2 processors are logically available.
Processor type: i486 (Intel 80486)
Processors active: 0 1
Primary memory available: 4.00 gigabytes
Default processor set: 135 tasks, 509 threads, 2 processors
Load average: 1.94, Mach factor: 0.92
/bin/machine           = unknown
/usr/bin/oslevel       = unknown
/bin/universe          = unknown

PATH: /Users/kljensen/bin
PATH: /opt/local/bin
PATH: /opt/local/sbin
PATH: /usr/local/bin
PATH: /usr/local/sbin
PATH: /opt/local/Library/Frameworks/Python.framework/Versions/2.6/bin
PATH: /usr/bin
PATH: /bin
PATH: /usr/sbin
PATH: /sbin
PATH: /usr/local/bin
PATH: /usr/texbin
PATH: /usr/X11/bin
PATH: /Users/kljensen/.ec2/bin


## ----------- ##
## Core tests. ##
## ----------- ##

configure:1557: checking for a BSD-compatible install
configure:1612: result: /opt/local/bin/ginstall -c
configure:1623: checking whether build environment is sane
configure:1666: result: yes
configure:1731: checking for gawk
configure:1760: result: no
configure:1731: checking for mawk
configure:1760: result: no
configure:1731: checking for nawk
configure:1760: result: no
configure:1731: checking for awk
configure:1747: found /usr/bin/awk
configure:1757: result: awk
configure:1767: checking whether make sets $(MAKE)
configure:1787: result: yes
configure:1997: checking for gcc
configure:2013: found /usr/bin/gcc
configure:2023: result: gcc
configure:2267: checking for C compiler version
configure:2270: gcc --version </dev/null >&5
i686-apple-darwin9-gcc-4.0.1 (GCC) 4.0.1 (Apple Inc. build 5490)
Copyright (C) 2005 Free Software Foundation, Inc.
This is free software; see the source for copying conditions.  There is NO
warranty; not even for MERCHANTABILITY or FITNESS FOR A PARTICULAR PURPOSE.

configure:2273: $? = 0
configure:2275: gcc -v </dev/null >&5
Using built-in specs.
Target: i686-apple-darwin9
Configured with: /var/tmp/gcc/gcc-5490~1/src/configure --disable-checking -enable-werror --prefix=/usr --mandir=/share/man --enable-languages=c,objc,c++,obj-c++ --program-transform-name=/^[cg][^.-]*$/s/$/-4.0/ --with-gxx-include-dir=/include/c++/4.0.0 --with-slibdir=/usr/lib --build=i686-apple-darwin9 --with-arch=apple --with-tune=generic --host=i686-apple-darwin9 --target=i686-apple-darwin9
Thread model: posix
gcc version 4.0.1 (Apple Inc. build 5490)
configure:2278: $? = 0
configure:2280: gcc -V </dev/null >&5
gcc-4.0: argument to `-V' is missing
configure:2283: $? = 1
configure:2306: checking for C compiler default output file name
configure:2309: gcc  -I/opt/local/include -L/opt/local/lib conftest.c  >&5
configure:2312: $? = 0
configure:2358: result: a.out
configure:2363: checking whether the C compiler works
configure:2369: ./a.out
configure:2372: $? = 0
configure:2389: result: yes
configure:2396: checking whether we are cross compiling
configure:2398: result: no
configure:2401: checking for suffix of executables
configure:2403: gcc -o conftest  -I/opt/local/include -L/opt/local/lib conftest.c  >&5
configure:2406: $? = 0
configure:2431: result: 
configure:2437: checking for suffix of object files
configure:2458: gcc -c  -I/opt/local/include conftest.c >&5
configure:2461: $? = 0
configure:2483: result: o
configure:2487: checking whether we are using the GNU C compiler
configure:2511: gcc -c  -I/opt/local/include conftest.c >&5
configure:2517: $? = 0
configure:2521: test -z 
			 || test ! -s conftest.err
configure:2524: $? = 0
configure:2527: test -s conftest.o
configure:2530: $? = 0
configure:2543: result: yes
configure:2549: checking whether gcc accepts -g
configure:2570: gcc -c -g -I/opt/local/include conftest.c >&5
configure:2576: $? = 0
configure:2580: test -z 
			 || test ! -s conftest.err
configure:2583: $? = 0
configure:2586: test -s conftest.o
configure:2589: $? = 0
configure:2600: result: yes
configure:2617: checking for gcc option to accept ANSI C
configure:2687: gcc  -c -g -O2 -I/opt/local/include conftest.c >&5
configure:2693: $? = 0
configure:2697: test -z 
			 || test ! -s conftest.err
configure:2700: $? = 0
configure:2703: test -s conftest.o
configure:2706: $? = 0
configure:2724: result: none needed
configure:2742: gcc -c -g -O2 -I/opt/local/include conftest.c >&5
conftest.c:2: error: syntax error before 'me'
configure:2748: $? = 1
configure: failed program was:
| #ifndef __cplusplus
|   choke me
| #endif
configure:2892: checking for style of include used by make
configure:2920: result: GNU
configure:2948: checking dependency style of gcc
configure:3038: result: gcc3
configure:3055: checking whether make sets $(MAKE)
configure:3075: result: yes
configure:3164: checking build system type
configure:3182: result: i686-apple-darwin9.8.0
configure:3190: checking host system type
configure:3204: result: i686-apple-darwin9.8.0
configure:3212: checking for a sed that does not truncate output
configure:3266: result: /opt/local/bin/gsed
configure:3269: checking for egrep
configure:3279: result: grep -E
configure:3295: checking for ld used by gcc
configure:3362: result: /usr/libexec/gcc/i686-apple-darwin9/4.0.1/ld
configure:3371: checking if the linker (/usr/libexec/gcc/i686-apple-darwin9/4.0.1/ld) is GNU ld
configure:3386: result: no
configure:3391: checking for /usr/libexec/gcc/i686-apple-darwin9/4.0.1/ld option to reload object files
configure:3398: result: -r
configure:3416: checking for BSD-compatible nm
configure:3458: result: /usr/bin/nm -p
configure:3462: checking whether ln -s works
configure:3466: result: yes
configure:3473: checking how to recognise dependent libraries
configure:3645: result: pass_all
configure:3877: checking how to run the C preprocessor
configure:3912: gcc -E -I/opt/local/include conftest.c
configure:3918: $? = 0
configure:3950: gcc -E -I/opt/local/include conftest.c
conftest.c:9:28: error: ac_nonexistent.h: No such file or directory
configure:3956: $? = 1
configure: failed program was:
| /* confdefs.h.  */
| 
| #define PACKAGE_NAME "gemoda"
| #define PACKAGE_TARNAME "gemoda"
| #define PACKAGE_VERSION "1.0"
| #define PACKAGE_STRING "gemoda 1.0"
| #define PACKAGE_BUGREPORT "kljensen@mit.edu"
| /* end confdefs.h.  */
| #include <ac_nonexistent.h>
configure:3995: result: gcc -E
configure:4019: gcc -E -I/opt/local/include conftest.c
configure:4025: $? = 0
configure:4057: gcc -E -I/opt/local/include conftest.c
conftest.c:9:28: error: ac_nonexistent.h: No such file or directory
configure:4063: $? = 1
configure: failed program was:
| /* confdefs.h.  */
| 
| #define PACKAGE_NAME "gemoda"
| #define PACKAGE_TARNAME "gemoda"
| #define PACKAGE_VERSION "1.0"
| #define PACKAGE_STRING "gemoda 1.0"
| #define PACKAGE_BUGREPORT "kljensen@mit.edu"
| /* end confdefs.h.  */
| #include <ac_nonexistent.h>
configure:4107: checking for ANSI C header files
configure:4132: gcc -c -g -O2 -I/opt/local/include conftest.c >&5
configure:4138: $? = 0
configure:4142: test -z 
			 || test ! -s conftest.err
configure:4145: $? = 0
configure:4148: test -s conftest.o
configure:4151: $? = 0
configure:4240: gcc -o conftest -g -O2 -I/opt/local/include -L/opt/local/lib conftest.c  >&5
conftest.c: In function 'main':
conftest.c:26: warning: incompatible implicit declaration of built-in function 'exit'
configure:4243: $? = 0
configure:4245: ./conftest
configure:4248: $? = 0
configure:4263: result: yes
configure:4287: checking for sys/types.h
configure:4303: gcc -c -g -O2 -I/opt/local/include conftest.c >&5
configure:4309: $? = 0
configure:4313: test -z 
			 || test ! -s conftest.err
configure:4316: $? = 0
configure:4319: test -s conftest.o
configure:4322: $? = 0
configure:4333: result: yes
configure:4287: checking for sys/stat.h
configure:4303: gcc -c -g -O2 -I/opt/local/include conftest.c >&5
configure:4309: $? = 0
configure:4313: test -z 
			 || test ! -s conftest.err
configure:4316: $? = 0
configure:4319: test -s conftest.o
configure:4322: $? = 0
configure:4333: result: yes
configure:4287: checking for stdlib.h
configure:4303: gcc -c -g -O2 -I/opt/local/include conftest.c >&5
configure:4309: $? = 0
configure:4313: test -z 
			 || test ! -s conftest.err
configure:4316: $? = 0
configure:4319: test -s conftest.o
configure:4322: $? = 0
configure:4333: result: yes
configure:4287: checking for string.h
configure:4303: gcc -c -g -O2 -I/opt/local/include conftest.c >&5
configure:4309: $? = 0
configure:4313: test -z 
			 || test ! -s conftest.err
configure:4316: $? = 0
configure:4319: test -s conftest.o
configure:4322: $? = 0
configure:4333: result: yes
configure:4287: checking for memory.h
configure:4303: gcc -c -g -O2 -I/opt/local/include conftest.c >&5
configure:4309: $? = 0
configure:4313: test -z 
			 || test ! -s conftest.err
configure:4316: $? = 0
configure:4319: test -s conftest.o
configure:4322: $? = 0
configure:4333: result: yes
configure:4287: checking for strings.h
configure:4303: gcc -c -g -O2 -I/opt/local/include conftest.c >&5
configure:4309: $? = 0
configure:4313: test -z 
			 || test ! -s conftest.err
configure:4316: $? = 0
configure:4319: test -s conftest.o
configure:4322: $? = 0
configure:4333: result: yes
configure:4287: checking for inttypes.h
configure:4303: gcc -c -g -O2 -I/opt/local/include conftest.c >&5
configure:4309: $? = 0
configure:4313: test -z 
			 || test ! -s conftest.err
configure:4316: $? = 0
configure:4319: test -s conftest.o
configure:4322: $? = 0
configure:4333: result: yes
configure:4287: checking for stdint.h
configure:4303: gcc -c -g -O2 -I/opt/local/include conftest.c >&5
configure:4309: $? = 0
configure:4313: test -z 
			 || test ! -s conftest.err
configure:4316: $? = 0
configure:4319: test -s conftest.o
configure:4322: $? = 0
configure:4333: result: yes
configure:4287: checking for unistd.h
configure:4303: gcc -c -g -O2 -I/opt/local/include conftest.c >&5
configure:4309: $? = 0
configure:4313: test -z 
			 || test ! -s conftest.err
configure:4316: $? = 0
configure:4319: test -s conftest.o
configure:4322: $? = 0
configure:4333: result: yes
configure:4359: checking dlfcn.h usability
configure:4371: gcc -c -g -O2 -I/opt/local/include conftest.c >&5
configure:4377: $? = 0
configure:4381: test -z 
			 || test ! -s conftest.err
configure:4384: $? = 0
configure:4387: test -s conftest.o
configure:4390: $? = 0
configure:4400: result: yes
configure:4404: checking dlfcn.h presence
configure:4414: gcc -E -I/opt/local/include conftest.c
configure:4420: $? = 0
configure:4440: result: yes
configure:4475: checking for dlfcn.h
configure:4482: result: yes
configure:4547: checking for g++
configure:4563: found /usr/bin/g++
configure:4573: result: g++
configure:4589: checking for C++ compiler version
configure:4592: g++ --version </dev/null >&5
i686-apple-darwin9-g++-4.0.1 (GCC) 4.0.1 (Apple Inc. build 5490)
Copyright (C) 2005 Free Software Foundation, Inc.
This is free software; see the source for copying conditions.  There is NO
warranty; not even for MERCHANTABILITY or FITNESS FOR A PARTICULAR PURPOSE.

configure:4595: $? = 0
configure:4597: g++ -v </dev/null >&5
Using built-in specs.
Target: i686-apple-darwin9
Configured with: /var/tmp/gcc/gcc-5490~1/src/configure --disable-checking -enable-werror --prefix=/usr --mandir=/share/man --enable-languages=c,objc,c++,obj-c++ --program-transform-name=/^[cg][^.-]*$/s/$/-4.0/ --with-gxx-include-dir=/include/c++/4.0.0 --with-slibdir=/usr/lib --build=i686-apple-darwin9 --with-arch=apple --with-tune=generic --host=i686-apple-darwin9 --target=i686-apple-darwin9
Thread model: posix
gcc version 4.0.1 (Apple Inc. build 5490)
configure:4600: $? = 0
configure:4602: g++ -V </dev/null >&5
g++-4.0: argument to `-V' is missing
configure:4605: $? = 1
configure:4608: checking whether we are using the GNU C++ compiler
configure:4632: g++ -c  -I/opt/local/include conftest.cc >&5
configure:4638: $? = 0
configure:4642: test -z 
			 || test ! -s conftest.err
configure:4645: $? = 0
configure:4648: test -s conftest.o
configure:4651: $? = 0
configure:4664: result: yes
configure:4670: checking whether g++ accepts -g
configure:4691: g++ -c -g -I/opt/local/include conftest.cc >&5
configure:4697: $? = 0
configure:4701: test -z 
			 || test ! -s conftest.err
configure:4704: $? = 0
configure:4707: test -s conftest.o
configure:4710: $? = 0
configure:4721: result: yes
configure:4763: g++ -c -g -O2 -I/opt/local/include conftest.cc >&5
configure:4769: $? = 0
configure:4773: test -z 
			 || test ! -s conftest.err
configure:4776: $? = 0
configure:4779: test -s conftest.o
configure:4782: $? = 0
configure:4808: g++ -c -g -O2 -I/opt/local/include conftest.cc >&5
conftest.cc: In function 'int main()':
conftest.cc:24: error: 'exit' was not declared in this scope
configure:4814: $? = 1
configure: failed program was:
| /* confdefs.h.  */
| 
| #define PACKAGE_NAME "gemoda"
| #define PACKAGE_TARNAME "gemoda"
| #define PACKAGE_VERSION "1.0"
| #define PACKAGE_STRING "gemoda 1.0"
| #define PACKAGE_BUGREPORT "kljensen@mit.edu"
| #define STDC_HEADERS 1
| #define HAVE_SYS_TYPES_H 1
| #define HAVE_SYS_STAT_H 1
| #define HAVE_STDLIB_H 1
| #define HAVE_STRING_H 1
| #define HAVE_MEMORY_H 1
| #define HAVE_STRINGS_H 1
| #define HAVE_INTTYPES_H 1
| #define HAVE_STDINT_H 1
| #define HAVE_UNISTD_H 1
| #define HAVE_DLFCN_H 1
| /* end confdefs.h.  */
| 
| int
| main ()
| {
| exit (42);
|   ;
|   return 0;
| }
configure:4763: g++ -c -g -O2 -I/opt/local/include conftest.cc >&5
/usr/include/stdlib.h:159: error: declaration of 'void std::exit(int)' throws different exceptions
conftest.cc:20: error: than previous declaration 'void std::exit(int) throw ()'
configure:4769: $? = 1
configure: failed program was:
| /* confdefs.h.  */
| 
| #define PACKAGE_NAME "gemoda"
| #define PACKAGE_TARNAME "gemoda"
| #define PACKAGE_VERSION "1.0"
| #define PACKAGE_STRING "gemoda 1.0"
| #define PACKAGE_BUGREPORT "kljensen@mit.edu"
| #define STDC_HEADERS 1
| #define HAVE_SYS_TYPES_H 1
| #define HAVE_SYS_STAT_H 1
| #define HAVE_STDLIB_H 1
| #define HAVE_STRING_H 1
| #define HAVE_MEMORY_H 1
| #define HAVE_STRINGS_H 1
| #define HAVE_INTTYPES_H 1
| #define HAVE_STDINT_H 1
| #define HAVE_UNISTD_H 1
| #define HAVE_DLFCN_H 1
| /* end confdefs.h.  */
| extern "C" void std::exit (int) throw (); using std::exit;
| #include <stdlib.h>
| int
| main ()
| {
| exit (42);
|   ;
|   return 0;
| }
configure:4763: g++ -c -g -O2 -I/opt/local/include conftest.cc >&5
configure:4769: $? = 0
configure:4773: test -z 
			 || test ! -s conftest.err
configure:4776: $? = 0
configure:4779: test -s conftest.o
configure:4782: $? = 0
configure:4808: g++ -c -g -O2 -I/opt/local/include conftest.cc >&5
configure:4814: $? = 0
configure:4818: test -z 
			 || test ! -s conftest.err
configure:4821: $? = 0
configure:4824: test -s conftest.o
configure:4827: $? = 0
configure:4852: checking dependency style of g++
configure:4942: result: gcc3
configure:4969: checking how to run the C++ preprocessor
configure:5000: g++ -E -I/opt/local/include conftest.cc
configure:5006: $? = 0
configure:5038: g++ -E -I/opt/local/include conftest.cc
conftest.cc:23:28: error: ac_nonexistent.h: No such file or directory
configure:5044: $? = 1
configure: failed program was:
| /* confdefs.h.  */
| 
| #define PACKAGE_NAME "gemoda"
| #define PACKAGE_TARNAME "gemoda"
| #define PACKAGE_VERSION "1.0"
| #define PACKAGE_STRING "gemoda 1.0"
| #define PACKAGE_BUGREPORT "kljensen@mit.edu"
| #define STDC_HEADERS 1
| #define HAVE_SYS_TYPES_H 1
| #define HAVE_SYS_STAT_H 1
| #define HAVE_STDLIB_H 1
| #define HAVE_STRING_H 1
| #define HAVE_MEMORY_H 1
| #define HAVE_STRINGS_H 1
| #define HAVE_INTTYPES_H 1
| #define HAVE_STDINT_H 1
| #define HAVE_UNISTD_H 1
| #define HAVE_DLFCN_H 1
| #ifdef __cplusplus
| extern "C" void std::exit (int); using std::exit;
| #endif
| /* end confdefs.h.  */
| #include <ac_nonexistent.h>
configure:5083: result: g++ -E
configure:5107: g++ -E -I/opt/local/include conftest.cc
configure:5113: $? = 0
configure:5145: g++ -E -I/opt/local/include conftest.cc
conftest.cc:23:28: error: ac_nonexistent.h: No such file or directory
configure:5151: $? = 1
configure: failed program was:
| /* confdefs.h.  */
| 
| #define PACKAGE_NAME "gemoda"
| #define PACKAGE_TARNAME "gemoda"
| #define PACKAGE_VERSION "1.0"
| #define PACKAGE_STRING "gemoda 1.0"
| #define PACKAGE_BUGREPORT "kljensen@mit.edu"
| #define STDC_HEADERS 1
| #define HAVE_SYS_TYPES_H 1
| #define HAVE_SYS_STAT_H 1
| #define HAVE_STDLIB_H 1
| #define HAVE_STRING_H 1
| #define HAVE_MEMORY_H 1
| #define HAVE_STRINGS_H 1
| #define HAVE_INTTYPES_H 1
| #define HAVE_STDINT_H 1
| #define HAVE_UNISTD_H 1
| #define HAVE_DLFCN_H 1
| #ifdef __cplusplus
| extern "C" void std::exit (int); using std::exit;
| #endif
| /* end confdefs.h.  */
| #include <ac_nonexistent.h>
configure:5248: checking for g77
configure:5277: result: no
configure:5248: checking for f77
configure:5277: result: no
configure:5248: checking for xlf
configure:5277: result: no
configure:5248: checking for frt
configure:5277: result: no
configure:5248: checking for pgf77
configure:5277: result: no
configure:5248: checking for fort77
configure:5277: result: no
configure:5248: checking for fl32
configure:5277: result: no
configure:5248: checking for af77
configure:5277: result: no
configure:5248: checking for f90
configure:5277: result: no
configure:5248: checking for xlf90
configure:5277: result: no
configure:5248: checking for pgf90
configure:5277: result: no
configure:5248: checking for epcf90
configure:5277: result: no
configure:5248: checking for f95
configure:5277: result: no
configure:5248: checking for fort
configure:5277: result: no
configure:5248: checking for xlf95
configure:5277: result: no
configure:5248: checking for ifc
configure:5277: result: no
configure:5248: checking for efc
configure:5277: result: no
configure:5248: checking for pgf95
configure:5277: result: no
configure:5248: checking for lf95
configure:5277: result: no
configure:5248: checking for gfortran
configure:5277: result: no
configure:5289: checking for Fortran 77 compiler version
configure:5292:  --version </dev/null >&5
./configure: line 5293: --version: command not found
configure:5295: $? = 127
configure:5297:  -v </dev/null >&5
./configure: line 5298: -v: command not found
configure:5300: $? = 127
configure:5302:  -V </dev/null >&5
./configure: line 5303: -V: command not found
configure:5305: $? = 127
configure:5313: checking whether we are using the GNU Fortran 77 compiler
configure:5327:  -c  conftest.F >&5
./configure: line 5328: -c: command not found
configure:5333: $? = 127
configure: failed program was:
|       program main
| #ifndef __GNUC__
|        choke me
| #endif
| 
|       end
configure:5359: result: no
configure:5365: checking whether  accepts -g
configure:5377:  -c -g conftest.f >&5
./configure: line 5378: -c: command not found
configure:5383: $? = 127
configure: failed program was:
|       program main
| 
|       end
configure:5408: result: no
configure:5438: checking the maximum length of command line arguments
configure:5517: result: 65536
configure:5528: checking command to parse /usr/bin/nm -p output from gcc object
configure:5624: gcc -c -g -O2 -I/opt/local/include conftest.c >&5
configure:5627: $? = 0
configure:5631: /usr/bin/nm -p conftest.o \| sed -n -e 's/^.*[ 	]\([BCDEGRST][BCDEGRST]*\)[ 	][ 	]*\(\)\([_A-Za-z][_A-Za-z0-9]*\)$/\1 \2\3 \3/p' \> conftest.nm
configure:5634: $? = 0
cannot find nm_test_var in conftest.nm
configure:5624: gcc -c -g -O2 -I/opt/local/include conftest.c >&5
configure:5627: $? = 0
configure:5631: /usr/bin/nm -p conftest.o \| sed -n -e 's/^.*[ 	]\([BCDEGRST][BCDEGRST]*\)[ 	][ 	]*\(_\)\([_A-Za-z][_A-Za-z0-9]*\)$/\1 \2\3 \3/p' \> conftest.nm
configure:5634: $? = 0
configure:5686: gcc -o conftest -g -O2 -I/opt/local/include -L/opt/local/lib conftest.c conftstm.o >&5
configure:5689: $? = 0
configure:5727: result: ok
configure:5731: checking for objdir
configure:5746: result: .libs
configure:5836: checking for ar
configure:5852: found /usr/bin/ar
configure:5863: result: ar
configure:5916: checking for ranlib
configure:5932: found /usr/bin/ranlib
configure:5943: result: ranlib
configure:5996: checking for strip
configure:6012: found /usr/bin/strip
configure:6023: result: strip
configure:6236: checking for correct ltmain.sh version
configure:6266: result: yes
configure:6328: checking if gcc static flag  works
configure:6351: result: yes
configure:6369: checking if gcc supports -fno-rtti -fno-exceptions
configure:6387: gcc -c -g -O2 -I/opt/local/include -fno-rtti -fno-exceptions conftest.c >&5
cc1: warning: command line option "-fno-rtti" is valid for C++/ObjC++ but not for C
configure:6391: $? = 0
configure:6402: result: no
configure:6417: checking for gcc option to produce PIC
configure:6604: result: -fno-common
configure:6612: checking if gcc PIC flag -fno-common works
configure:6630: gcc -c -g -O2 -I/opt/local/include -fno-common -DPIC conftest.c >&5
configure:6634: $? = 0
configure:6645: result: yes
configure:6669: checking if gcc supports -c -o file.o
configure:6690: gcc -c -g -O2 -I/opt/local/include -o out/conftest2.o conftest.c >&5
configure:6694: $? = 0
configure:6714: result: yes
configure:6740: checking whether the gcc linker (/usr/libexec/gcc/i686-apple-darwin9/4.0.1/ld) supports shared libraries
configure:7589: result: yes
configure:7660: checking dynamic linker characteristics
configure:8255: result: darwin9.8.0 dyld
configure:8259: checking how to hardcode library paths into programs
configure:8284: result: immediate
configure:8298: checking whether stripping libraries is possible
configure:8311: result: yes
configure:9133: checking if libtool supports shared libraries
configure:9135: result: yes
configure:9138: checking whether to build shared libraries
configure:9159: result: no
configure:9162: checking whether to build static libraries
configure:9166: result: yes
configure:9258: creating libtool
configure:9807: checking for ld used by g++
configure:9874: result: /usr/libexec/gcc/i686-apple-darwin9/4.0.1/ld
configure:9883: checking if the linker (/usr/libexec/gcc/i686-apple-darwin9/4.0.1/ld) is GNU ld
configure:9898: result: no
configure:9949: checking whether the g++ linker (/usr/libexec/gcc/i686-apple-darwin9/4.0.1/ld) supports shared libraries
configure:10816: result: yes
configure:10834: g++ -c -g -O2 -I/opt/local/include conftest.cc >&5
configure:10837: $? = 0
configure:10933: checking for g++ option to produce PIC
configure:11195: result: -fno-common
configure:11203: checking if g++ PIC flag -fno-common works
configure:11221: g++ -c -g -O2 -I/opt/local/include -fno-common -DPIC conftest.cc >&5
configure:11225: $? = 0
configure:11236: result: yes
configure:11260: checking if g++ supports -c -o file.o
configure:11281: g++ -c -g -O2 -I/opt/local/include -o out/conftest2.o conftest.cc >&5
configure:11285: $? = 0
configure:11305: result: yes
configure:11331: checking whether the g++ linker (/usr/libexec/gcc/i686-apple-darwin9/4.0.1/ld) supports shared libraries
configure:11356: result: yes
configure:11427: checking dynamic linker characteristics
configure:12022: result: darwin9.8.0 dyld
configure:12026: checking how to hardcode library paths into programs
configure:12051: result: immediate
configure:12065: checking whether stripping libraries is possible
configure:12078: result: yes
configure:19440: checking for main in -lm
configure:19464: gcc -o conftest -g -O2 -I/opt/local/include -L/opt/local/lib conftest.c -lm -lm  >&5
configure:19470: $? = 0
configure:19474: test -z 
			 || test ! -s conftest.err
configure:19477: $? = 0
configure:19480: test -s conftest
configure:19483: $? = 0
configure:19496: result: yes
configure:19502: checking for main in -lm
configure:19558: result: yes
configure:19640: checking for main in -lgslcblas
configure:19664: gcc -o conftest -g -O2 -I/opt/local/include -L/opt/local/lib conftest.c -lgslcblas -lgslcblas  >&5
configure:19670: $? = 0
configure:19674: test -z 
			 || test ! -s conftest.err
configure:19677: $? = 0
configure:19680: test -s conftest
configure:19683: $? = 0
configure:19696: result: yes
configure:19709: checking for main in -lgsl
configure:19733: gcc -o conftest -g -O2 -I/opt/local/include -L/opt/local/lib conftest.c -lgsl -lm -lgslcblas  -lgsl  >&5
configure:19739: $? = 0
configure:19743: test -z 
			 || test ! -s conftest.err
configure:19746: $? = 0
configure:19749: test -s conftest
configure:19752: $? = 0
configure:19765: result: yes
configure:19781: checking for ANSI C header files
configure:19937: result: yes
configure:19962: checking malloc.h usability
configure:19974: gcc -c -g -O2 -I/opt/local/include conftest.c >&5
conftest.c:58:20: error: malloc.h: No such file or directory
configure:19980: $? = 1
configure: failed program was:
| /* confdefs.h.  */
| 
| #define PACKAGE_NAME "gemoda"
| #define PACKAGE_TARNAME "gemoda"
| #define PACKAGE_VERSION "1.0"
| #define PACKAGE_STRING "gemoda 1.0"
| #define PACKAGE_BUGREPORT "kljensen@mit.edu"
| #define STDC_HEADERS 1
| #define HAVE_SYS_TYPES_H 1
| #define HAVE_SYS_STAT_H 1
| #define HAVE_STDLIB_H 1
| #define HAVE_STRING_H 1
| #define HAVE_MEMORY_H 1
| #define HAVE_STRINGS_H 1
| #define HAVE_INTTYPES_H 1
| #define HAVE_STDINT_H 1
| #define HAVE_UNISTD_H 1
| #define HAVE_DLFCN_H 1
| #ifdef __cplusplus
| extern "C" void std::exit (int); using std::exit;
| #endif
| #define STDC_HEADERS 1
| /* end confdefs.h.  */
| #include <stdio.h>
| #if HAVE_SYS_TYPES_H
| # include <sys/types.h>
| #endif
| #if HAVE_SYS_STAT_H
| # include <sys/stat.h>
| #endif
| #if STDC_HEADERS
| # include <stdlib.h>
| # include <stddef.h>
| #else
| # if HAVE_STDLIB_H
| #  include <stdlib.h>
| # endif
| #endif
| #if HAVE_STRING_H
| # if !STDC_HEADERS && HAVE_MEMORY_H
| #  include <memory.h>
| # endif
| # include <string.h>
| #endif
| #if HAVE_STRINGS_H
| # include <strings.h>
| #endif
| #if HAVE_INTTYPES_H
| # include <inttypes.h>
| #else
| # if HAVE_STDINT_H
| #  include <stdint.h>
| # endif
| #endif
| #if HAVE_UNISTD_H
| # include <unistd.h>
| #endif
| #include <malloc.h>
configure:20003: result: no
configure:20007: checking malloc.h presence
configure:20017: gcc -E -I/opt/local/include conftest.c
conftest.c:24:20: error: malloc.h: No such file or directory
configure:20023: $? = 1
configure: failed program was:
| /* confdefs.h.  */
| 
| #define PACKAGE_NAME "gemoda"
| #define PACKAGE_TARNAME "gemoda"
| #define PACKAGE_VERSION "1.0"
| #define PACKAGE_STRING "gemoda 1.0"
| #define PACKAGE_BUGREPORT "kljensen@mit.edu"
| #define STDC_HEADERS 1
| #define HAVE_SYS_TYPES_H 1
| #define HAVE_SYS_STAT_H 1
| #define HAVE_STDLIB_H 1
| #define HAVE_STRING_H 1
| #define HAVE_MEMORY_H 1
| #define HAVE_STRINGS_H 1
| #define HAVE_INTTYPES_H 1
| #define HAVE_STDINT_H 1
| #define HAVE_UNISTD_H 1
| #define HAVE_DLFCN_H 1
| #ifdef __cplusplus
| extern "C" void std::exit (int); using std::exit;
| #endif
| #define STDC_HEADERS 1
| /* end confdefs.h.  */
| #include <malloc.h>
configure:20043: result: no
configure:20078: checking for malloc.h
configure:20085: result: no
configure:19953: checking for unistd.h
configure:19958: result: yes
configure:20099: checking for an ANSI C-conforming const
configure:20166: gcc -c -g -O2 -I/opt/local/include conftest.c >&5
configure:20172: $? = 0
configure:20176: test -z 
			 || test ! -s conftest.err
configure:20179: $? = 0
configure:20182: test -s conftest.o
configure:20185: $? = 0
configure:20196: result: yes
configure:20212: checking for strerror
configure:20269: gcc -o conftest -g -O2 -I/opt/local/include -L/opt/local/lib conftest.c  >&5
configure:20275: $? = 0
configure:20279: test -z 
			 || test ! -s conftest.err
configure:20282: $? = 0
configure:20285: test -s conftest
configure:20288: $? = 0
configure:20300: result: yes
configure:20212: checking for strstr
configure:20269: gcc -o conftest -g -O2 -I/opt/local/include -L/opt/local/lib conftest.c  >&5
conftest.c:50: warning: conflicting types for built-in function 'strstr'
configure:20275: $? = 0
configure:20279: test -z 
			 || test ! -s conftest.err
configure:20282: $? = 0
configure:20285: test -s conftest
configure:20288: $? = 0
configure:20300: result: yes
configure:20428: creating ./config.status

## ---------------------- ##
## Running config.status. ##
## ---------------------- ##

This file was extended by gemoda config.status 1.0, which was
generated by GNU Autoconf 2.59.  Invocation command line was

  CONFIG_FILES    = 
  CONFIG_HEADERS  = 
  CONFIG_LINKS    = 
  CONFIG_COMMANDS = 
  $ ./config.status 

on kyle-jensens-computer.local

config.status:719: creating Makefile
config.status:719: creating src/FastaSeqIO/Makefile
config.status:719: creating src/Makefile
config.status:719: creating scripts/Makefile
config.status:823: creating src/config.h
config.status:1115: executing depfiles commands

## ---------------- ##
## Cache variables. ##
## ---------------- ##

ac_cv_build=i686-apple-darwin9.8.0
ac_cv_build_alias=i686-apple-darwin9.8.0
ac_cv_c_compiler_gnu=yes
ac_cv_c_const=yes
ac_cv_cxx_compiler_gnu=yes
ac_cv_env_CC_set=
ac_cv_env_CC_value=
ac_cv_env_CFLAGS_set=
ac_cv_env_CFLAGS_value=
ac_cv_env_CPPFLAGS_set=set
ac_cv_env_CPPFLAGS_value=-I/opt/local/include
ac_cv_env_CPP_set=
ac_cv_env_CPP_value=
ac_cv_env_CXXCPP_set=
ac_cv_env_CXXCPP_value=
ac_cv_env_CXXFLAGS_set=
ac_cv_env_CXXFLAGS_value=
ac_cv_env_CXX_set=
ac_cv_env_CXX_value=
ac_cv_env_F77_set=
ac_cv_env_F77_value=
ac_cv_env_FFLAGS_set=
ac_cv_env_FFLAGS_value=
ac_cv_env_LDFLAGS_set=set
ac_cv_env_LDFLAGS_value=-L/opt/local/lib
ac_cv_env_build_alias_set=
ac_cv_env_build_alias_value=
ac_cv_env_host_alias_set=
ac_cv_env_host_alias_value=
ac_cv_env_target_alias_set=
ac_cv_env_target_alias_value=
ac_cv_exeext=
ac_cv_f77_compiler_gnu=no
ac_cv_func_strerror=yes
ac_cv_func_strstr=yes
ac_cv_header_dlfcn_h=yes
ac_cv_header_inttypes_h=yes
ac_cv_header_malloc_h=no
ac_cv_header_memory_h=yes
ac_cv_header_stdc=yes
ac_cv_header_stdint_h=yes
ac_cv_header_stdlib_h=yes
ac_cv_header_string_h=yes
ac_cv_header_strings_h=yes
ac_cv_header_sys_stat_h=yes
ac_cv_header_sys_types_h=yes
ac_cv_header_unistd_h=yes
ac_cv_host=i686-apple-darwin9.8.0
ac_cv_host_alias=i686-apple-darwin9.8.0
ac_cv_lib_gsl_main=yes
ac_cv_lib_gslcblas_main=yes
ac_cv_lib_m_main=yes
ac_cv_objext=o
ac_cv_path_install='/opt/local/bin/ginstall -c'
ac_cv_prog_AWK=awk
ac_cv_prog_CPP='gcc -E'
ac_cv_prog_CXXCPP='g++ -E'
ac_cv_prog_ac_ct_AR=ar
ac_cv_prog_ac_ct_CC=gcc
ac_cv_prog_ac_ct_CXX=g++
ac_cv_prog_ac_ct_RANLIB=ranlib
ac_cv_prog_ac_ct_STRIP=strip
ac_cv_prog_cc_g=yes
ac_cv_prog_cc_stdc=
ac_cv_prog_cxx_g=yes
ac_cv_prog_egrep='grep -E'
ac_cv_prog_f77_g=no
ac_cv_prog_make_make_set=yes
am_cv_CC_dependencies_compiler_type=gcc3
am_cv_CXX_dependencies_compiler_type=gcc3
lt_cv_deplibs_check_method=pass_all
lt_cv_file_magic_cmd='$MAGIC_CMD'
lt_cv_file_magic_test_file=
lt_cv_ld_reload_flag=-r
lt_cv_objdir=.libs
lt_cv_path_LD=/usr/libexec/gcc/i686-apple-darwin9/4.0.1/ld
lt_cv_path_LDCXX=/usr/libexec/gcc/i686-apple-darwin9/4.0.1/ld
lt_cv_path_NM='/usr/bin/nm -p'
lt_cv_path_SED=/opt/local/bin/gsed
lt_cv_prog_compiler_c_o=yes
lt_cv_prog_compiler_c_o_CXX=yes
lt_cv_prog_compiler_rtti_exceptions=no
lt_cv_prog_gnu_ld=no
lt_cv_prog_gnu_ldcxx=no
lt_cv_sys_global_symbol_pipe='sed -n -e '\''s/^.*[ 	]\([BCDEGRST][BCDEGRST]*\)[ 	][ 	]*\(_\)\([_A-Za-z][_A-Za-z0-9]*\)$/\1 \2\3 \3/p'\'''
lt_cv_sys_global_symbol_to_c_name_address='sed -n -e '\''s/^: \([^ ]*\) $/  {\"\1\", (lt_ptr) 0},/p'\'' -e '\''s/^[BCDEGRST] \([^ ]*\) \([^ ]*\)$/  {"\2", (lt_ptr) \&\2},/p'\'''
lt_cv_sys_global_symbol_to_cdecl='sed -n -e '\''s/^. .* \(.*\)$/extern int \1;/p'\'''
lt_cv_sys_max_cmd_len=65536
lt_lt_cv_prog_compiler_c_o='"yes"'
lt_lt_cv_prog_compiler_c_o_CXX='"yes"'
lt_lt_cv_sys_global_symbol_pipe='"sed -n -e '\''s/^.*[ 	]\\([BCDEGRST][BCDEGRST]*\\)[ 	][ 	]*\\(_\\)\\([_A-Za-z][_A-Za-z0-9]*\\)\$/\\1 \\2\\3 \\3/p'\''"'
lt_lt_cv_sys_global_symbol_to_c_name_address='"sed -n -e '\''s/^: \\([^ ]*\\) \$/  {\\\"\\1\\\", (lt_ptr) 0},/p'\'' -e '\''s/^[BCDEGRST] \\([^ ]*\\) \\([^ ]*\\)\$/  {\"\\2\", (lt_ptr) \\&\\2},/p'\''"'
lt_lt_cv_sys_global_symbol_to_cdecl='"sed -n -e '\''s/^. .* \\(.*\\)\$/extern int \\1;/p'\''"'

## ----------------- ##
## Output variables. ##
## ----------------- ##

ACLOCAL='${SHELL} /Users/kljensen/src/gemoda-1.0/config/missing --run aclocal-1.9'
AMDEPBACKSLASH='\'
AMDEP_FALSE='#'
AMDEP_TRUE=''
AMTAR='${SHELL} /Users/kljensen/src/gemoda-1.0/config/missing --run tar'
AR='ar'
AUTOCONF='${SHELL} /Users/kljensen/src/gemoda-1.0/config/missing --run autoconf'
AUTOHEADER='${SHELL} /Users/kljensen/src/gemoda-1.0/config/missing --run autoheader'
AUTOMAKE='${SHELL} /Users/kljensen/src/gemoda-1.0/config/missing --run automake-1.9'
AWK='awk'
CC='gcc'
CCDEPMODE='depmode=gcc3'
CFLAGS='-g -O2'
CPP='gcc -E'
CPPFLAGS='-I/opt/local/include'
CXX='g++'
CXXCPP='g++ -E'
CXXDEPMODE='depmode=gcc3'
CXXFLAGS='-g -O2'
CYGPATH_W='echo'
DEFS='-DHAVE_CONFIG_H'
DEPDIR='.deps'
ECHO='/bin/echo'
ECHO_C='ECHO_N=''
ECHO_T=''
EGREP='grep -E'
EXEEXT=''
F77=''
FFLAGS=''
INSTALL_DATA='${INSTALL} -m 644'
INSTALL_PROGRAM='${INSTALL}'
INSTALL_SCRIPT='${INSTALL}'
INSTALL_STRIP_PROGRAM='${SHELL} $(install_sh) -c -s'
LDFLAGS='-L/opt/local/lib'
LIBOBJS=''
LIBS=''
LIBTOOL='$(SHELL) $(top_builddir)/libtool'
LN_S='ln -s'
LTLIBOBJS=''
MAKEINFO='${SHELL} /Users/kljensen/src/gemoda-1.0/config/missing --run makeinfo'
MATHLIB='-lm'
OBJEXT='o'
PACKAGE='gemoda'
PACKAGE_BUGREPORT='kljensen@mit.edu'
PACKAGE_NAME='gemoda'
PACKAGE_STRING='gemoda 1.0'
PACKAGE_TARNAME='gemoda'
PACKAGE_VERSION='1.0'
PATH_SEPARATOR=':'
RANLIB='ranlib'
SCILIBS='-lm -lgslcblas -lgsl'
SET_MAKE=''
SHELL='/bin/sh'
STRIP='strip'
VERSION='1.0'
ac_ct_AR='ar'
ac_ct_CC='gcc'
ac_ct_CXX='g++'
ac_ct_F77=''
ac_ct_RANLIB='ranlib'
ac_ct_STRIP='strip'
am__fastdepCC_FALSE='#'
am__fastdepCC_TRUE=''
am__fastdepCXX_FALSE='#'
am__fastdepCXX_TRUE=''
am__include='include'
am__leading_dot='.'
am__quote=''
am__tar='${AMTAR} chof - "$$tardir"'
am__untar='${AMTAR} xf -'
bindir='${exec_prefix}/bin'
build='i686-apple-darwin9.8.0'
build_alias=''
build_cpu='i686'
build_os='darwin9.8.0'
build_vendor='apple'
datadir='${prefix}/share'
exec_prefix='${prefix}'
host='i686-apple-darwin9.8.0'
host_alias=''
host_cpu='i686'
host_os='darwin9.8.0'
host_vendor='apple'
includedir='${prefix}/include'
infodir='${prefix}/info'
install_sh='/Users/kljensen/src/gemoda-1.0/config/install-sh'
libdir='${exec_prefix}/lib'
libexecdir='${exec_prefix}/libexec'
localstatedir='${prefix}/var'
mandir='${prefix}/man'
mkdir_p='$(install_sh) -d'
oldincludedir='/usr/include'
prefix='/usr/local'
program_transform_name='s,x,x,'
sbindir='${exec_prefix}/sbin'
sharedstatedir='${prefix}/com'
sysconfdir='${prefix}/etc'
target_alias=''

## ----------- ##
## confdefs.h. ##
## ----------- ##

#define HAVE_DLFCN_H 1
#define HAVE_INTTYPES_H 1
#define HAVE_MEMORY_H 1
#define HAVE_STDINT_H 1
#define HAVE_STDLIB_H 1
#define HAVE_STRERROR 1
#define HAVE_STRINGS_H 1
#define HAVE_STRING_H 1
#define HAVE_STRSTR 1
#define HAVE_SYS_STAT_H 1
#define HAVE_SYS_TYPES_H 1
#define HAVE_UNISTD_H 1
#define HAVE_UNISTD_H 1
#define PACKAGE_BUGREPORT "kljensen@mit.edu"
#define PACKAGE_NAME "gemoda"
#define PACKAGE_STRING "gemoda 1.0"
#define PACKAGE_TARNAME "gemoda"
#define PACKAGE_VERSION "1.0"
#define STDC_HEADERS 1
#define STDC_HEADERS 1
#endif
#ifdef __cplusplus
extern "C" void std::exit (int); using std::exit;

configure: exit 0
